{"C:\\Users\\soma.sadhu\\Desktop\\ToDoAppDemo2\\src\\App.js": {"path":"C:\\Users\\soma.sadhu\\Desktop\\ToDoAppDemo2\\src\\App.js","statementMap":{"0":{"start":{"line":8,"column":12},"end":{"line":23,"column":1}},"1":{"start":{"line":10,"column":4},"end":{"line":22,"column":5}}},"fnMap":{"0":{"name":"(anonymous_0)","decl":{"start":{"line":8,"column":12},"end":{"line":8,"column":13}},"loc":{"start":{"line":8,"column":18},"end":{"line":23,"column":1}},"line":8}},"branchMap":{},"s":{"0":0,"1":0},"f":{"0":0},"b":{}}
,"C:\\Users\\soma.sadhu\\Desktop\\ToDoAppDemo2\\src\\components\\controls\\TaskReminders.js": {"path":"C:\\Users\\soma.sadhu\\Desktop\\ToDoAppDemo2\\src\\components\\controls\\TaskReminders.js","statementMap":{"0":{"start":{"line":6,"column":21},"end":{"line":36,"column":1}},"1":{"start":{"line":8,"column":19},"end":{"line":8,"column":57}},"2":{"start":{"line":8,"column":42},"end":{"line":8,"column":56}},"3":{"start":{"line":10,"column":33},"end":{"line":20,"column":3}},"4":{"start":{"line":11,"column":4},"end":{"line":19,"column":7}},"5":{"start":{"line":12,"column":23},"end":{"line":12,"column":36}},"6":{"start":{"line":13,"column":33},"end":{"line":13,"column":58}},"7":{"start":{"line":14,"column":26},"end":{"line":14,"column":36}},"8":{"start":{"line":15,"column":29},"end":{"line":15,"column":61}},"9":{"start":{"line":16,"column":6},"end":{"line":18,"column":7}},"10":{"start":{"line":17,"column":8},"end":{"line":17,"column":117}},"11":{"start":{"line":22,"column":2},"end":{"line":29,"column":17}},"12":{"start":{"line":23,"column":23},"end":{"line":27,"column":13}},"13":{"start":{"line":24,"column":6},"end":{"line":26,"column":7}},"14":{"start":{"line":25,"column":8},"end":{"line":25,"column":41}},"15":{"start":{"line":28,"column":4},"end":{"line":28,"column":43}},"16":{"start":{"line":28,"column":17},"end":{"line":28,"column":42}},"17":{"start":{"line":31,"column":2},"end":{"line":35,"column":4}}},"fnMap":{"0":{"name":"(anonymous_0)","decl":{"start":{"line":6,"column":21},"end":{"line":6,"column":22}},"loc":{"start":{"line":6,"column":27},"end":{"line":36,"column":1}},"line":6},"1":{"name":"(anonymous_1)","decl":{"start":{"line":8,"column":31},"end":{"line":8,"column":32}},"loc":{"start":{"line":8,"column":42},"end":{"line":8,"column":56}},"line":8},"2":{"name":"(anonymous_2)","decl":{"start":{"line":10,"column":33},"end":{"line":10,"column":34}},"loc":{"start":{"line":10,"column":44},"end":{"line":20,"column":3}},"line":10},"3":{"name":"(anonymous_3)","decl":{"start":{"line":11,"column":18},"end":{"line":11,"column":19}},"loc":{"start":{"line":11,"column":26},"end":{"line":19,"column":5}},"line":11},"4":{"name":"(anonymous_4)","decl":{"start":{"line":22,"column":12},"end":{"line":22,"column":13}},"loc":{"start":{"line":22,"column":18},"end":{"line":29,"column":3}},"line":22},"5":{"name":"(anonymous_5)","decl":{"start":{"line":23,"column":35},"end":{"line":23,"column":36}},"loc":{"start":{"line":23,"column":41},"end":{"line":27,"column":5}},"line":23},"6":{"name":"(anonymous_6)","decl":{"start":{"line":28,"column":11},"end":{"line":28,"column":12}},"loc":{"start":{"line":28,"column":17},"end":{"line":28,"column":42}},"line":28}},"branchMap":{"0":{"loc":{"start":{"line":16,"column":6},"end":{"line":18,"column":7}},"type":"if","locations":[{"start":{"line":16,"column":6},"end":{"line":18,"column":7}},{"start":{},"end":{}}],"line":16},"1":{"loc":{"start":{"line":16,"column":10},"end":{"line":16,"column":63}},"type":"binary-expr","locations":[{"start":{"line":16,"column":10},"end":{"line":16,"column":28}},{"start":{"line":16,"column":32},"end":{"line":16,"column":63}}],"line":16},"2":{"loc":{"start":{"line":24,"column":6},"end":{"line":26,"column":7}},"type":"if","locations":[{"start":{"line":24,"column":6},"end":{"line":26,"column":7}},{"start":{},"end":{}}],"line":24}},"s":{"0":0,"1":0,"2":0,"3":0,"4":0,"5":0,"6":0,"7":0,"8":0,"9":0,"10":0,"11":0,"12":0,"13":0,"14":0,"15":0,"16":0,"17":0},"f":{"0":0,"1":0,"2":0,"3":0,"4":0,"5":0,"6":0},"b":{"0":[0,0],"1":[0,0],"2":[0,0]}}
,"C:\\Users\\soma.sadhu\\Desktop\\ToDoAppDemo2\\src\\components\\controls\\addTaskModal.js": {"path":"C:\\Users\\soma.sadhu\\Desktop\\ToDoAppDemo2\\src\\components\\controls\\addTaskModal.js","statementMap":{"0":{"start":{"line":7,"column":17},"end":{"line":120,"column":1}},"1":{"start":{"line":9,"column":34},"end":{"line":9,"column":39}},"2":{"start":{"line":11,"column":36},"end":{"line":11,"column":48}},"3":{"start":{"line":12,"column":48},"end":{"line":12,"column":60}},"4":{"start":{"line":13,"column":30},"end":{"line":13,"column":42}},"5":{"start":{"line":15,"column":21},"end":{"line":15,"column":34}},"6":{"start":{"line":17,"column":27},"end":{"line":19,"column":5}},"7":{"start":{"line":18,"column":8},"end":{"line":18,"column":59}},"8":{"start":{"line":21,"column":34},"end":{"line":35,"column":5}},"9":{"start":{"line":22,"column":26},"end":{"line":22,"column":44}},"10":{"start":{"line":24,"column":12},"end":{"line":33,"column":35}},"11":{"start":{"line":34,"column":8},"end":{"line":34,"column":29}},"12":{"start":{"line":37,"column":30},"end":{"line":70,"column":5}},"13":{"start":{"line":38,"column":8},"end":{"line":69,"column":9}},"14":{"start":{"line":39,"column":32},"end":{"line":39,"column":42}},"15":{"start":{"line":40,"column":33},"end":{"line":40,"column":57}},"16":{"start":{"line":42,"column":12},"end":{"line":45,"column":13}},"17":{"start":{"line":43,"column":16},"end":{"line":43,"column":85}},"18":{"start":{"line":44,"column":16},"end":{"line":44,"column":23}},"19":{"start":{"line":47,"column":47},"end":{"line":47,"column":84}},"20":{"start":{"line":50,"column":38},"end":{"line":55,"column":13}},"21":{"start":{"line":57,"column":12},"end":{"line":57,"column":50}},"22":{"start":{"line":58,"column":12},"end":{"line":58,"column":28}},"23":{"start":{"line":59,"column":12},"end":{"line":59,"column":34}},"24":{"start":{"line":60,"column":12},"end":{"line":60,"column":25}},"25":{"start":{"line":61,"column":12},"end":{"line":61,"column":26}},"26":{"start":{"line":63,"column":15},"end":{"line":69,"column":9}},"27":{"start":{"line":64,"column":12},"end":{"line":64,"column":45}},"28":{"start":{"line":65,"column":15},"end":{"line":69,"column":9}},"29":{"start":{"line":66,"column":12},"end":{"line":66,"column":56}},"30":{"start":{"line":68,"column":12},"end":{"line":68,"column":65}},"31":{"start":{"line":72,"column":30},"end":{"line":77,"column":5}},"32":{"start":{"line":73,"column":8},"end":{"line":73,"column":22}},"33":{"start":{"line":74,"column":8},"end":{"line":74,"column":24}},"34":{"start":{"line":75,"column":8},"end":{"line":75,"column":30}},"35":{"start":{"line":76,"column":8},"end":{"line":76,"column":21}},"36":{"start":{"line":79,"column":4},"end":{"line":118,"column":12}},"37":{"start":{"line":92,"column":41},"end":{"line":92,"column":68}},"38":{"start":{"line":103,"column":41},"end":{"line":103,"column":74}},"39":{"start":{"line":123,"column":0},"end":{"line":126,"column":4}}},"fnMap":{"0":{"name":"(anonymous_0)","decl":{"start":{"line":7,"column":17},"end":{"line":7,"column":18}},"loc":{"start":{"line":7,"column":28},"end":{"line":120,"column":1}},"line":7},"1":{"name":"(anonymous_1)","decl":{"start":{"line":17,"column":27},"end":{"line":17,"column":28}},"loc":{"start":{"line":17,"column":33},"end":{"line":19,"column":5}},"line":17},"2":{"name":"(anonymous_2)","decl":{"start":{"line":21,"column":34},"end":{"line":21,"column":35}},"loc":{"start":{"line":21,"column":48},"end":{"line":35,"column":5}},"line":21},"3":{"name":"(anonymous_3)","decl":{"start":{"line":37,"column":30},"end":{"line":37,"column":31}},"loc":{"start":{"line":37,"column":36},"end":{"line":70,"column":5}},"line":37},"4":{"name":"(anonymous_4)","decl":{"start":{"line":72,"column":30},"end":{"line":72,"column":31}},"loc":{"start":{"line":72,"column":36},"end":{"line":77,"column":5}},"line":72},"5":{"name":"(anonymous_5)","decl":{"start":{"line":92,"column":34},"end":{"line":92,"column":35}},"loc":{"start":{"line":92,"column":41},"end":{"line":92,"column":68}},"line":92},"6":{"name":"(anonymous_6)","decl":{"start":{"line":103,"column":34},"end":{"line":103,"column":35}},"loc":{"start":{"line":103,"column":41},"end":{"line":103,"column":74}},"line":103}},"branchMap":{"0":{"loc":{"start":{"line":27,"column":13},"end":{"line":27,"column":52}},"type":"cond-expr","locations":[{"start":{"line":27,"column":41},"end":{"line":27,"column":45}},{"start":{"line":27,"column":48},"end":{"line":27,"column":52}}],"line":27},"1":{"loc":{"start":{"line":38,"column":8},"end":{"line":69,"column":9}},"type":"if","locations":[{"start":{"line":38,"column":8},"end":{"line":69,"column":9}},{"start":{"line":63,"column":15},"end":{"line":69,"column":9}}],"line":38},"2":{"loc":{"start":{"line":38,"column":12},"end":{"line":38,"column":38}},"type":"binary-expr","locations":[{"start":{"line":38,"column":12},"end":{"line":38,"column":20}},{"start":{"line":38,"column":24},"end":{"line":38,"column":38}}],"line":38},"3":{"loc":{"start":{"line":42,"column":12},"end":{"line":45,"column":13}},"type":"if","locations":[{"start":{"line":42,"column":12},"end":{"line":45,"column":13}},{"start":{},"end":{}}],"line":42},"4":{"loc":{"start":{"line":63,"column":15},"end":{"line":69,"column":9}},"type":"if","locations":[{"start":{"line":63,"column":15},"end":{"line":69,"column":9}},{"start":{"line":65,"column":15},"end":{"line":69,"column":9}}],"line":63},"5":{"loc":{"start":{"line":63,"column":19},"end":{"line":63,"column":46}},"type":"binary-expr","locations":[{"start":{"line":63,"column":19},"end":{"line":63,"column":28}},{"start":{"line":63,"column":32},"end":{"line":63,"column":46}}],"line":63},"6":{"loc":{"start":{"line":65,"column":15},"end":{"line":69,"column":9}},"type":"if","locations":[{"start":{"line":65,"column":15},"end":{"line":69,"column":9}},{"start":{"line":67,"column":15},"end":{"line":69,"column":9}}],"line":65},"7":{"loc":{"start":{"line":65,"column":19},"end":{"line":65,"column":46}},"type":"binary-expr","locations":[{"start":{"line":65,"column":19},"end":{"line":65,"column":27}},{"start":{"line":65,"column":31},"end":{"line":65,"column":46}}],"line":65},"8":{"loc":{"start":{"line":107,"column":21},"end":{"line":107,"column":99}},"type":"binary-expr","locations":[{"start":{"line":107,"column":21},"end":{"line":107,"column":26}},{"start":{"line":107,"column":30},"end":{"line":107,"column":99}}],"line":107}},"s":{"0":1,"1":1,"2":1,"3":1,"4":1,"5":1,"6":1,"7":0,"8":1,"9":0,"10":0,"11":0,"12":1,"13":0,"14":0,"15":0,"16":0,"17":0,"18":0,"19":0,"20":0,"21":0,"22":0,"23":0,"24":0,"25":0,"26":0,"27":0,"28":0,"29":0,"30":0,"31":1,"32":0,"33":0,"34":0,"35":0,"36":1,"37":0,"38":0,"39":1},"f":{"0":1,"1":0,"2":0,"3":0,"4":0,"5":0,"6":0},"b":{"0":[0,0],"1":[0,0],"2":[0,0],"3":[0,0],"4":[0,0],"5":[0,0],"6":[0,0],"7":[0,0],"8":[1,0]},"_coverageSchema":"1a1c01bbd47fc00a2c39e90264f33305004495a9","hash":"b652e70aa3d1bbe7da12a5820bf7437bd47f515d"}
,"C:\\Users\\soma.sadhu\\Desktop\\ToDoAppDemo2\\src\\components\\controls\\card.js": {"path":"C:\\Users\\soma.sadhu\\Desktop\\ToDoAppDemo2\\src\\components\\controls\\card.js","statementMap":{"0":{"start":{"line":10,"column":16},"end":{"line":80,"column":1}},"1":{"start":{"line":11,"column":34},"end":{"line":11,"column":39}},"2":{"start":{"line":12,"column":34},"end":{"line":12,"column":49}},"3":{"start":{"line":13,"column":42},"end":{"line":13,"column":57}},"4":{"start":{"line":15,"column":22},"end":{"line":15,"column":53}},"5":{"start":{"line":15,"column":30},"end":{"line":15,"column":51}},"6":{"start":{"line":16,"column":23},"end":{"line":16,"column":55}},"7":{"start":{"line":16,"column":31},"end":{"line":16,"column":53}},"8":{"start":{"line":18,"column":21},"end":{"line":18,"column":34}},"9":{"start":{"line":20,"column":25},"end":{"line":22,"column":5}},"10":{"start":{"line":21,"column":8},"end":{"line":21,"column":39}},"11":{"start":{"line":24,"column":21},"end":{"line":26,"column":5}},"12":{"start":{"line":25,"column":9},"end":{"line":25,"column":38}},"13":{"start":{"line":28,"column":19},"end":{"line":31,"column":5}},"14":{"start":{"line":29,"column":8},"end":{"line":29,"column":42}},"15":{"start":{"line":30,"column":8},"end":{"line":30,"column":20}},"16":{"start":{"line":33,"column":4},"end":{"line":79,"column":5}},"17":{"start":{"line":47,"column":44},"end":{"line":47,"column":72}},"18":{"start":{"line":63,"column":43},"end":{"line":63,"column":65}},"19":{"start":{"line":70,"column":43},"end":{"line":70,"column":67}}},"fnMap":{"0":{"name":"(anonymous_0)","decl":{"start":{"line":10,"column":16},"end":{"line":10,"column":17}},"loc":{"start":{"line":10,"column":27},"end":{"line":80,"column":1}},"line":10},"1":{"name":"(anonymous_1)","decl":{"start":{"line":15,"column":22},"end":{"line":15,"column":23}},"loc":{"start":{"line":15,"column":28},"end":{"line":15,"column":53}},"line":15},"2":{"name":"(anonymous_2)","decl":{"start":{"line":16,"column":23},"end":{"line":16,"column":24}},"loc":{"start":{"line":16,"column":29},"end":{"line":16,"column":55}},"line":16},"3":{"name":"(anonymous_3)","decl":{"start":{"line":20,"column":25},"end":{"line":20,"column":26}},"loc":{"start":{"line":20,"column":37},"end":{"line":22,"column":5}},"line":20},"4":{"name":"(anonymous_4)","decl":{"start":{"line":24,"column":21},"end":{"line":24,"column":22}},"loc":{"start":{"line":24,"column":33},"end":{"line":26,"column":5}},"line":24},"5":{"name":"(anonymous_5)","decl":{"start":{"line":28,"column":19},"end":{"line":28,"column":20}},"loc":{"start":{"line":28,"column":31},"end":{"line":31,"column":5}},"line":28},"6":{"name":"(anonymous_6)","decl":{"start":{"line":47,"column":38},"end":{"line":47,"column":39}},"loc":{"start":{"line":47,"column":44},"end":{"line":47,"column":72}},"line":47},"7":{"name":"(anonymous_7)","decl":{"start":{"line":63,"column":37},"end":{"line":63,"column":38}},"loc":{"start":{"line":63,"column":43},"end":{"line":63,"column":65}},"line":63},"8":{"name":"(anonymous_8)","decl":{"start":{"line":70,"column":37},"end":{"line":70,"column":38}},"loc":{"start":{"line":70,"column":43},"end":{"line":70,"column":67}},"line":70}},"branchMap":{"0":{"loc":{"start":{"line":44,"column":21},"end":{"line":50,"column":28}},"type":"cond-expr","locations":[{"start":{"line":45,"column":24},"end":{"line":49,"column":26}},{"start":{"line":50,"column":24},"end":{"line":50,"column":28}}],"line":44},"1":{"loc":{"start":{"line":58,"column":17},"end":{"line":76,"column":17}},"type":"cond-expr","locations":[{"start":{"line":59,"column":20},"end":{"line":73,"column":34}},{"start":{"line":75,"column":20},"end":{"line":75,"column":24}}],"line":58}},"s":{"0":5,"1":40,"2":33,"3":33,"4":33,"5":0,"6":33,"7":0,"8":33,"9":21,"10":0,"11":21,"12":0,"13":21,"14":0,"15":0,"16":21,"17":0,"18":0,"19":0},"f":{"0":40,"1":0,"2":0,"3":0,"4":0,"5":0,"6":0,"7":0,"8":0},"b":{"0":[7,14],"1":[7,14]},"_coverageSchema":"1a1c01bbd47fc00a2c39e90264f33305004495a9","hash":"6ebbaaaefbb62ac79908dd72e2b44de9e07c0b27"}
,"C:\\Users\\soma.sadhu\\Desktop\\ToDoAppDemo2\\src\\components\\controls\\editTaskModal.js": {"path":"C:\\Users\\soma.sadhu\\Desktop\\ToDoAppDemo2\\src\\components\\controls\\editTaskModal.js","statementMap":{"0":{"start":{"line":8,"column":21},"end":{"line":140,"column":1}},"1":{"start":{"line":10,"column":34},"end":{"line":10,"column":39}},"2":{"start":{"line":11,"column":21},"end":{"line":11,"column":34}},"3":{"start":{"line":12,"column":21},"end":{"line":12,"column":59}},"4":{"start":{"line":12,"column":44},"end":{"line":12,"column":58}},"5":{"start":{"line":13,"column":31},"end":{"line":13,"column":79}},"6":{"start":{"line":13,"column":54},"end":{"line":13,"column":78}},"7":{"start":{"line":15,"column":36},"end":{"line":15,"column":46}},"8":{"start":{"line":16,"column":48},"end":{"line":16,"column":58}},"9":{"start":{"line":17,"column":30},"end":{"line":17,"column":42}},"10":{"start":{"line":19,"column":4},"end":{"line":28,"column":39}},"11":{"start":{"line":21,"column":29},"end":{"line":21,"column":84}},"12":{"start":{"line":21,"column":53},"end":{"line":21,"column":83}},"13":{"start":{"line":24,"column":8},"end":{"line":27,"column":9}},"14":{"start":{"line":25,"column":12},"end":{"line":25,"column":47}},"15":{"start":{"line":26,"column":12},"end":{"line":26,"column":58}},"16":{"start":{"line":30,"column":34},"end":{"line":44,"column":5}},"17":{"start":{"line":31,"column":26},"end":{"line":31,"column":44}},"18":{"start":{"line":33,"column":12},"end":{"line":42,"column":35}},"19":{"start":{"line":43,"column":8},"end":{"line":43,"column":29}},"20":{"start":{"line":47,"column":8},"end":{"line":47,"column":16}},"21":{"start":{"line":49,"column":23},"end":{"line":49,"column":44}},"22":{"start":{"line":52,"column":21},"end":{"line":52,"column":58}},"23":{"start":{"line":55,"column":23},"end":{"line":55,"column":68}},"24":{"start":{"line":57,"column":2},"end":{"line":57,"column":22}},"25":{"start":{"line":60,"column":34},"end":{"line":81,"column":5}},"26":{"start":{"line":61,"column":8},"end":{"line":79,"column":9}},"27":{"start":{"line":62,"column":12},"end":{"line":62,"column":45}},"28":{"start":{"line":64,"column":0},"end":{"line":64,"column":9}},"29":{"start":{"line":65,"column":48},"end":{"line":65,"column":85}},"30":{"start":{"line":68,"column":38},"end":{"line":73,"column":13}},"31":{"start":{"line":75,"column":12},"end":{"line":75,"column":52}},"32":{"start":{"line":76,"column":12},"end":{"line":76,"column":28}},"33":{"start":{"line":77,"column":12},"end":{"line":77,"column":34}},"34":{"start":{"line":78,"column":12},"end":{"line":78,"column":26}},"35":{"start":{"line":82,"column":27},"end":{"line":86,"column":7}},"36":{"start":{"line":83,"column":8},"end":{"line":85,"column":9}},"37":{"start":{"line":84,"column":12},"end":{"line":84,"column":36}},"38":{"start":{"line":89,"column":30},"end":{"line":93,"column":5}},"39":{"start":{"line":90,"column":8},"end":{"line":90,"column":22}},"40":{"start":{"line":91,"column":8},"end":{"line":91,"column":24}},"41":{"start":{"line":92,"column":8},"end":{"line":92,"column":30}},"42":{"start":{"line":95,"column":4},"end":{"line":138,"column":12}},"43":{"start":{"line":110,"column":45},"end":{"line":110,"column":72}},"44":{"start":{"line":123,"column":46},"end":{"line":123,"column":102}},"45":{"start":{"line":142,"column":0},"end":{"line":146,"column":4}}},"fnMap":{"0":{"name":"(anonymous_0)","decl":{"start":{"line":8,"column":21},"end":{"line":8,"column":22}},"loc":{"start":{"line":8,"column":32},"end":{"line":140,"column":1}},"line":8},"1":{"name":"(anonymous_1)","decl":{"start":{"line":12,"column":33},"end":{"line":12,"column":34}},"loc":{"start":{"line":12,"column":44},"end":{"line":12,"column":58}},"line":12},"2":{"name":"(anonymous_2)","decl":{"start":{"line":13,"column":43},"end":{"line":13,"column":44}},"loc":{"start":{"line":13,"column":54},"end":{"line":13,"column":78}},"line":13},"3":{"name":"(anonymous_3)","decl":{"start":{"line":19,"column":14},"end":{"line":19,"column":15}},"loc":{"start":{"line":19,"column":20},"end":{"line":28,"column":5}},"line":19},"4":{"name":"(anonymous_4)","decl":{"start":{"line":21,"column":43},"end":{"line":21,"column":44}},"loc":{"start":{"line":21,"column":53},"end":{"line":21,"column":83}},"line":21},"5":{"name":"(anonymous_5)","decl":{"start":{"line":30,"column":34},"end":{"line":30,"column":35}},"loc":{"start":{"line":30,"column":48},"end":{"line":44,"column":5}},"line":30},"6":{"name":"convertBackDateFormat","decl":{"start":{"line":46,"column":13},"end":{"line":46,"column":34}},"loc":{"start":{"line":46,"column":46},"end":{"line":58,"column":7}},"line":46},"7":{"name":"(anonymous_7)","decl":{"start":{"line":60,"column":34},"end":{"line":60,"column":35}},"loc":{"start":{"line":60,"column":40},"end":{"line":81,"column":5}},"line":60},"8":{"name":"(anonymous_8)","decl":{"start":{"line":82,"column":27},"end":{"line":82,"column":28}},"loc":{"start":{"line":82,"column":34},"end":{"line":86,"column":7}},"line":82},"9":{"name":"(anonymous_9)","decl":{"start":{"line":89,"column":30},"end":{"line":89,"column":31}},"loc":{"start":{"line":89,"column":36},"end":{"line":93,"column":5}},"line":89},"10":{"name":"(anonymous_10)","decl":{"start":{"line":110,"column":38},"end":{"line":110,"column":39}},"loc":{"start":{"line":110,"column":45},"end":{"line":110,"column":72}},"line":110},"11":{"name":"(anonymous_11)","decl":{"start":{"line":123,"column":39},"end":{"line":123,"column":40}},"loc":{"start":{"line":123,"column":46},"end":{"line":123,"column":102}},"line":123}},"branchMap":{"0":{"loc":{"start":{"line":24,"column":8},"end":{"line":27,"column":9}},"type":"if","locations":[{"start":{"line":24,"column":8},"end":{"line":27,"column":9}},{"start":{},"end":{}}],"line":24},"1":{"loc":{"start":{"line":36,"column":13},"end":{"line":36,"column":52}},"type":"cond-expr","locations":[{"start":{"line":36,"column":41},"end":{"line":36,"column":45}},{"start":{"line":36,"column":48},"end":{"line":36,"column":52}}],"line":36},"2":{"loc":{"start":{"line":61,"column":8},"end":{"line":79,"column":9}},"type":"if","locations":[{"start":{"line":61,"column":8},"end":{"line":79,"column":9}},{"start":{"line":63,"column":15},"end":{"line":79,"column":9}}],"line":61},"3":{"loc":{"start":{"line":83,"column":8},"end":{"line":85,"column":9}},"type":"if","locations":[{"start":{"line":83,"column":8},"end":{"line":85,"column":9}},{"start":{},"end":{}}],"line":83},"4":{"loc":{"start":{"line":97,"column":13},"end":{"line":137,"column":13}},"type":"binary-expr","locations":[{"start":{"line":97,"column":13},"end":{"line":97,"column":40}},{"start":{"line":98,"column":16},"end":{"line":136,"column":25}}],"line":97},"5":{"loc":{"start":{"line":127,"column":25},"end":{"line":127,"column":103}},"type":"binary-expr","locations":[{"start":{"line":127,"column":25},"end":{"line":127,"column":30}},{"start":{"line":127,"column":34},"end":{"line":127,"column":103}}],"line":127}},"s":{"0":6,"1":7,"2":7,"3":7,"4":13,"5":7,"6":13,"7":7,"8":7,"9":7,"10":7,"11":6,"12":12,"13":6,"14":0,"15":0,"16":7,"17":0,"18":0,"19":0,"20":0,"21":0,"22":0,"23":0,"24":0,"25":7,"26":0,"27":0,"28":0,"29":0,"30":0,"31":0,"32":0,"33":0,"34":0,"35":7,"36":0,"37":0,"38":7,"39":0,"40":0,"41":0,"42":7,"43":0,"44":0,"45":6},"f":{"0":7,"1":13,"2":13,"3":6,"4":12,"5":0,"6":0,"7":0,"8":0,"9":0,"10":0,"11":0},"b":{"0":[0,6],"1":[0,0],"2":[0,0],"3":[0,0],"4":[7,7],"5":[7,0]},"_coverageSchema":"1a1c01bbd47fc00a2c39e90264f33305004495a9","hash":"6f313e528f9ee358a598e8f3938402223161e77d"}
,"C:\\Users\\soma.sadhu\\Desktop\\ToDoAppDemo2\\src\\components\\controls\\floatingAddButton.js": {"path":"C:\\Users\\soma.sadhu\\Desktop\\ToDoAppDemo2\\src\\components\\controls\\floatingAddButton.js","statementMap":{"0":{"start":{"line":6,"column":18},"end":{"line":23,"column":1}},"1":{"start":{"line":8,"column":42},"end":{"line":8,"column":57}},"2":{"start":{"line":9,"column":22},"end":{"line":9,"column":53}},"3":{"start":{"line":9,"column":30},"end":{"line":9,"column":51}},"4":{"start":{"line":10,"column":23},"end":{"line":10,"column":55}},"5":{"start":{"line":10,"column":31},"end":{"line":10,"column":53}},"6":{"start":{"line":12,"column":4},"end":{"line":22,"column":5}}},"fnMap":{"0":{"name":"(anonymous_0)","decl":{"start":{"line":6,"column":18},"end":{"line":6,"column":19}},"loc":{"start":{"line":6,"column":24},"end":{"line":23,"column":1}},"line":6},"1":{"name":"(anonymous_1)","decl":{"start":{"line":9,"column":22},"end":{"line":9,"column":23}},"loc":{"start":{"line":9,"column":28},"end":{"line":9,"column":53}},"line":9},"2":{"name":"(anonymous_2)","decl":{"start":{"line":10,"column":23},"end":{"line":10,"column":24}},"loc":{"start":{"line":10,"column":29},"end":{"line":10,"column":55}},"line":10}},"branchMap":{},"s":{"0":0,"1":0,"2":0,"3":0,"4":0,"5":0,"6":0},"f":{"0":0,"1":0,"2":0},"b":{}}
,"C:\\Users\\soma.sadhu\\Desktop\\ToDoAppDemo2\\src\\components\\controls\\tab.js": {"path":"C:\\Users\\soma.sadhu\\Desktop\\ToDoAppDemo2\\src\\components\\controls\\tab.js","statementMap":{"0":{"start":{"line":5,"column":15},"end":{"line":23,"column":1}},"1":{"start":{"line":6,"column":30},"end":{"line":6,"column":46}},"2":{"start":{"line":7,"column":25},"end":{"line":7,"column":68}},"3":{"start":{"line":7,"column":48},"end":{"line":7,"column":66}},"4":{"start":{"line":9,"column":4},"end":{"line":22,"column":5}}},"fnMap":{"0":{"name":"(anonymous_0)","decl":{"start":{"line":5,"column":15},"end":{"line":5,"column":16}},"loc":{"start":{"line":5,"column":21},"end":{"line":23,"column":1}},"line":5},"1":{"name":"(anonymous_1)","decl":{"start":{"line":7,"column":25},"end":{"line":7,"column":26}},"loc":{"start":{"line":7,"column":46},"end":{"line":7,"column":68}},"line":7}},"branchMap":{},"s":{"0":1,"1":0,"2":0,"3":0,"4":0},"f":{"0":0,"1":0},"b":{},"_coverageSchema":"1a1c01bbd47fc00a2c39e90264f33305004495a9","hash":"cbd0051e70ec85eddfe4433dc3b77967f22097de"}
,"C:\\Users\\soma.sadhu\\Desktop\\ToDoAppDemo2\\src\\components\\layout\\routing.js": {"path":"C:\\Users\\soma.sadhu\\Desktop\\ToDoAppDemo2\\src\\components\\layout\\routing.js","statementMap":{"0":{"start":{"line":8,"column":16},"end":{"line":21,"column":1}},"1":{"start":{"line":9,"column":4},"end":{"line":20,"column":5}}},"fnMap":{"0":{"name":"(anonymous_0)","decl":{"start":{"line":8,"column":16},"end":{"line":8,"column":17}},"loc":{"start":{"line":8,"column":22},"end":{"line":21,"column":1}},"line":8}},"branchMap":{},"s":{"0":1,"1":5},"f":{"0":5},"b":{},"_coverageSchema":"1a1c01bbd47fc00a2c39e90264f33305004495a9","hash":"4708d327147f8fed41dc2e63e8ae6aace93ead28"}
,"C:\\Users\\soma.sadhu\\Desktop\\ToDoAppDemo2\\src\\components\\pages\\complete.js": {"path":"C:\\Users\\soma.sadhu\\Desktop\\ToDoAppDemo2\\src\\components\\pages\\complete.js","statementMap":{"0":{"start":{"line":6,"column":17},"end":{"line":44,"column":1}},"1":{"start":{"line":8,"column":25},"end":{"line":8,"column":67}},"2":{"start":{"line":8,"column":48},"end":{"line":8,"column":66}},"3":{"start":{"line":9,"column":40},"end":{"line":9,"column":52}},"4":{"start":{"line":11,"column":25},"end":{"line":15,"column":22}},"5":{"start":{"line":13,"column":22},"end":{"line":13,"column":84}},"6":{"start":{"line":20,"column":4},"end":{"line":43,"column":5}},"7":{"start":{"line":26,"column":33},"end":{"line":26,"column":62}},"8":{"start":{"line":36,"column":24},"end":{"line":36,"column":70}}},"fnMap":{"0":{"name":"(anonymous_0)","decl":{"start":{"line":6,"column":17},"end":{"line":6,"column":18}},"loc":{"start":{"line":6,"column":23},"end":{"line":44,"column":1}},"line":6},"1":{"name":"(anonymous_1)","decl":{"start":{"line":8,"column":37},"end":{"line":8,"column":38}},"loc":{"start":{"line":8,"column":48},"end":{"line":8,"column":66}},"line":8},"2":{"name":"(anonymous_2)","decl":{"start":{"line":13,"column":12},"end":{"line":13,"column":13}},"loc":{"start":{"line":13,"column":22},"end":{"line":13,"column":84}},"line":13},"3":{"name":"(anonymous_3)","decl":{"start":{"line":26,"column":26},"end":{"line":26,"column":27}},"loc":{"start":{"line":26,"column":33},"end":{"line":26,"column":62}},"line":26},"4":{"name":"(anonymous_4)","decl":{"start":{"line":35,"column":37},"end":{"line":35,"column":38}},"loc":{"start":{"line":36,"column":24},"end":{"line":36,"column":70}},"line":36}},"branchMap":{"0":{"loc":{"start":{"line":11,"column":25},"end":{"line":15,"column":22}},"type":"cond-expr","locations":[{"start":{"line":12,"column":10},"end":{"line":14,"column":9}},{"start":{"line":15,"column":10},"end":{"line":15,"column":22}}],"line":11},"1":{"loc":{"start":{"line":34,"column":17},"end":{"line":40,"column":17}},"type":"cond-expr","locations":[{"start":{"line":35,"column":20},"end":{"line":37,"column":22}},{"start":{"line":39,"column":20},"end":{"line":39,"column":24}}],"line":34}},"s":{"0":2,"1":6,"2":8,"3":5,"4":5,"5":4,"6":5,"7":2,"8":7},"f":{"0":6,"1":8,"2":4,"3":2,"4":7},"b":{"0":[2,3],"1":[4,1]},"_coverageSchema":"1a1c01bbd47fc00a2c39e90264f33305004495a9","hash":"74fb6c80c6ffb78622d7836ed726299bcd8a749d"}
,"C:\\Users\\soma.sadhu\\Desktop\\ToDoAppDemo2\\src\\components\\pages\\home.js": {"path":"C:\\Users\\soma.sadhu\\Desktop\\ToDoAppDemo2\\src\\components\\pages\\home.js","statementMap":{"0":{"start":{"line":8,"column":13},"end":{"line":51,"column":1}},"1":{"start":{"line":9,"column":4},"end":{"line":9,"column":13}},"2":{"start":{"line":10,"column":21},"end":{"line":10,"column":59}},"3":{"start":{"line":10,"column":44},"end":{"line":10,"column":58}},"4":{"start":{"line":11,"column":40},"end":{"line":11,"column":52}},"5":{"start":{"line":13,"column":25},"end":{"line":17,"column":18}},"6":{"start":{"line":15,"column":22},"end":{"line":15,"column":84}},"7":{"start":{"line":19,"column":4},"end":{"line":50,"column":6}},"8":{"start":{"line":32,"column":33},"end":{"line":32,"column":62}},"9":{"start":{"line":42,"column":24},"end":{"line":42,"column":66}}},"fnMap":{"0":{"name":"(anonymous_0)","decl":{"start":{"line":8,"column":13},"end":{"line":8,"column":14}},"loc":{"start":{"line":8,"column":19},"end":{"line":51,"column":1}},"line":8},"1":{"name":"(anonymous_1)","decl":{"start":{"line":10,"column":33},"end":{"line":10,"column":34}},"loc":{"start":{"line":10,"column":44},"end":{"line":10,"column":58}},"line":10},"2":{"name":"(anonymous_2)","decl":{"start":{"line":15,"column":12},"end":{"line":15,"column":13}},"loc":{"start":{"line":15,"column":22},"end":{"line":15,"column":84}},"line":15},"3":{"name":"(anonymous_3)","decl":{"start":{"line":32,"column":26},"end":{"line":32,"column":27}},"loc":{"start":{"line":32,"column":33},"end":{"line":32,"column":62}},"line":32},"4":{"name":"(anonymous_4)","decl":{"start":{"line":41,"column":37},"end":{"line":41,"column":38}},"loc":{"start":{"line":42,"column":24},"end":{"line":42,"column":66}},"line":42}},"branchMap":{"0":{"loc":{"start":{"line":13,"column":25},"end":{"line":17,"column":18}},"type":"cond-expr","locations":[{"start":{"line":14,"column":10},"end":{"line":16,"column":9}},{"start":{"line":17,"column":10},"end":{"line":17,"column":18}}],"line":13},"1":{"loc":{"start":{"line":40,"column":17},"end":{"line":46,"column":17}},"type":"cond-expr","locations":[{"start":{"line":41,"column":20},"end":{"line":43,"column":22}},{"start":{"line":45,"column":20},"end":{"line":45,"column":24}}],"line":40}},"s":{"0":2,"1":6,"2":6,"3":8,"4":5,"5":5,"6":4,"7":5,"8":2,"9":7},"f":{"0":6,"1":8,"2":4,"3":2,"4":7},"b":{"0":[2,3],"1":[4,1]},"_coverageSchema":"1a1c01bbd47fc00a2c39e90264f33305004495a9","hash":"10e9dad01251351a29b96ee136698c2544c0b2c8"}
,"C:\\Users\\soma.sadhu\\Desktop\\ToDoAppDemo2\\src\\components\\pages\\trash.js": {"path":"C:\\Users\\soma.sadhu\\Desktop\\ToDoAppDemo2\\src\\components\\pages\\trash.js","statementMap":{"0":{"start":{"line":6,"column":14},"end":{"line":46,"column":1}},"1":{"start":{"line":8,"column":23},"end":{"line":8,"column":63}},"2":{"start":{"line":8,"column":46},"end":{"line":8,"column":62}},"3":{"start":{"line":9,"column":40},"end":{"line":9,"column":52}},"4":{"start":{"line":11,"column":25},"end":{"line":15,"column":20}},"5":{"start":{"line":13,"column":22},"end":{"line":13,"column":84}},"6":{"start":{"line":17,"column":4},"end":{"line":45,"column":5}},"7":{"start":{"line":23,"column":33},"end":{"line":23,"column":62}},"8":{"start":{"line":31,"column":24},"end":{"line":31,"column":68}}},"fnMap":{"0":{"name":"(anonymous_0)","decl":{"start":{"line":6,"column":14},"end":{"line":6,"column":15}},"loc":{"start":{"line":6,"column":20},"end":{"line":46,"column":1}},"line":6},"1":{"name":"(anonymous_1)","decl":{"start":{"line":8,"column":35},"end":{"line":8,"column":36}},"loc":{"start":{"line":8,"column":46},"end":{"line":8,"column":62}},"line":8},"2":{"name":"(anonymous_2)","decl":{"start":{"line":13,"column":12},"end":{"line":13,"column":13}},"loc":{"start":{"line":13,"column":22},"end":{"line":13,"column":84}},"line":13},"3":{"name":"(anonymous_3)","decl":{"start":{"line":23,"column":26},"end":{"line":23,"column":27}},"loc":{"start":{"line":23,"column":33},"end":{"line":23,"column":62}},"line":23},"4":{"name":"(anonymous_4)","decl":{"start":{"line":30,"column":37},"end":{"line":30,"column":38}},"loc":{"start":{"line":31,"column":24},"end":{"line":31,"column":68}},"line":31}},"branchMap":{"0":{"loc":{"start":{"line":11,"column":25},"end":{"line":15,"column":20}},"type":"cond-expr","locations":[{"start":{"line":12,"column":10},"end":{"line":14,"column":9}},{"start":{"line":15,"column":10},"end":{"line":15,"column":20}}],"line":11},"1":{"loc":{"start":{"line":29,"column":17},"end":{"line":35,"column":17}},"type":"cond-expr","locations":[{"start":{"line":30,"column":20},"end":{"line":32,"column":22}},{"start":{"line":34,"column":20},"end":{"line":34,"column":24}}],"line":29}},"s":{"0":2,"1":6,"2":8,"3":5,"4":5,"5":4,"6":5,"7":2,"8":7},"f":{"0":6,"1":8,"2":4,"3":2,"4":7},"b":{"0":[2,3],"1":[4,1]},"_coverageSchema":"1a1c01bbd47fc00a2c39e90264f33305004495a9","hash":"c41d12a75ccb05477f1bf64e06e206674d7871da"}
,"C:\\Users\\soma.sadhu\\Desktop\\ToDoAppDemo2\\src\\redux\\actions\\taskActions.js": {"path":"C:\\Users\\soma.sadhu\\Desktop\\ToDoAppDemo2\\src\\redux\\actions\\taskActions.js","statementMap":{"0":{"start":{"line":1,"column":24},"end":{"line":4,"column":2}},"1":{"start":{"line":1,"column":39},"end":{"line":4,"column":1}},"2":{"start":{"line":6,"column":32},"end":{"line":9,"column":2}},"3":{"start":{"line":6,"column":45},"end":{"line":9,"column":1}},"4":{"start":{"line":11,"column":26},"end":{"line":14,"column":2}},"5":{"start":{"line":11,"column":41},"end":{"line":14,"column":1}},"6":{"start":{"line":16,"column":28},"end":{"line":19,"column":2}},"7":{"start":{"line":16,"column":41},"end":{"line":19,"column":1}},"8":{"start":{"line":21,"column":26},"end":{"line":24,"column":2}},"9":{"start":{"line":21,"column":39},"end":{"line":24,"column":1}}},"fnMap":{"0":{"name":"(anonymous_0)","decl":{"start":{"line":1,"column":24},"end":{"line":1,"column":25}},"loc":{"start":{"line":1,"column":39},"end":{"line":4,"column":1}},"line":1},"1":{"name":"(anonymous_1)","decl":{"start":{"line":6,"column":32},"end":{"line":6,"column":33}},"loc":{"start":{"line":6,"column":45},"end":{"line":9,"column":1}},"line":6},"2":{"name":"(anonymous_2)","decl":{"start":{"line":11,"column":26},"end":{"line":11,"column":27}},"loc":{"start":{"line":11,"column":41},"end":{"line":14,"column":1}},"line":11},"3":{"name":"(anonymous_3)","decl":{"start":{"line":16,"column":28},"end":{"line":16,"column":29}},"loc":{"start":{"line":16,"column":41},"end":{"line":19,"column":1}},"line":16},"4":{"name":"(anonymous_4)","decl":{"start":{"line":21,"column":26},"end":{"line":21,"column":27}},"loc":{"start":{"line":21,"column":39},"end":{"line":24,"column":1}},"line":21}},"branchMap":{},"s":{"0":7,"1":0,"2":7,"3":0,"4":7,"5":0,"6":7,"7":0,"8":7,"9":0},"f":{"0":0,"1":0,"2":0,"3":0,"4":0},"b":{},"_coverageSchema":"1a1c01bbd47fc00a2c39e90264f33305004495a9","hash":"39b0b1a85c3a3f8ae9d79a18baac75967af735f1"}
,"C:\\Users\\soma.sadhu\\Desktop\\ToDoAppDemo2\\src\\redux\\reducers\\taskReducer.js": {"path":"C:\\Users\\soma.sadhu\\Desktop\\ToDoAppDemo2\\src\\redux\\reducers\\taskReducer.js","statementMap":{"0":{"start":{"line":1,"column":21},"end":{"line":6,"column":1}},"1":{"start":{"line":8,"column":20},"end":{"line":49,"column":1}},"2":{"start":{"line":10,"column":4},"end":{"line":48,"column":5}},"3":{"start":{"line":12,"column":12},"end":{"line":15,"column":14}},"4":{"start":{"line":18,"column":12},"end":{"line":21,"column":14}},"5":{"start":{"line":24,"column":12},"end":{"line":30,"column":14}},"6":{"start":{"line":26,"column":53},"end":{"line":27,"column":49}},"7":{"start":{"line":33,"column":32},"end":{"line":33,"column":89}},"8":{"start":{"line":33,"column":62},"end":{"line":33,"column":88}},"9":{"start":{"line":34,"column":12},"end":{"line":38,"column":14}},"10":{"start":{"line":36,"column":58},"end":{"line":36,"column":84}},"11":{"start":{"line":40,"column":30},"end":{"line":40,"column":87}},"12":{"start":{"line":40,"column":60},"end":{"line":40,"column":86}},"13":{"start":{"line":41,"column":12},"end":{"line":45,"column":14}},"14":{"start":{"line":43,"column":58},"end":{"line":43,"column":84}},"15":{"start":{"line":47,"column":12},"end":{"line":47,"column":25}}},"fnMap":{"0":{"name":"(anonymous_0)","decl":{"start":{"line":8,"column":20},"end":{"line":8,"column":21}},"loc":{"start":{"line":8,"column":54},"end":{"line":49,"column":1}},"line":8},"1":{"name":"(anonymous_1)","decl":{"start":{"line":26,"column":44},"end":{"line":26,"column":45}},"loc":{"start":{"line":26,"column":53},"end":{"line":27,"column":49}},"line":26},"2":{"name":"(anonymous_2)","decl":{"start":{"line":33,"column":52},"end":{"line":33,"column":53}},"loc":{"start":{"line":33,"column":62},"end":{"line":33,"column":88}},"line":33},"3":{"name":"(anonymous_3)","decl":{"start":{"line":36,"column":48},"end":{"line":36,"column":49}},"loc":{"start":{"line":36,"column":58},"end":{"line":36,"column":84}},"line":36},"4":{"name":"(anonymous_4)","decl":{"start":{"line":40,"column":50},"end":{"line":40,"column":51}},"loc":{"start":{"line":40,"column":60},"end":{"line":40,"column":86}},"line":40},"5":{"name":"(anonymous_5)","decl":{"start":{"line":43,"column":48},"end":{"line":43,"column":49}},"loc":{"start":{"line":43,"column":58},"end":{"line":43,"column":84}},"line":43}},"branchMap":{"0":{"loc":{"start":{"line":8,"column":21},"end":{"line":8,"column":41}},"type":"default-arg","locations":[{"start":{"line":8,"column":29},"end":{"line":8,"column":41}}],"line":8},"1":{"loc":{"start":{"line":10,"column":4},"end":{"line":48,"column":5}},"type":"switch","locations":[{"start":{"line":11,"column":8},"end":{"line":15,"column":14}},{"start":{"line":17,"column":8},"end":{"line":21,"column":14}},{"start":{"line":23,"column":8},"end":{"line":30,"column":14}},{"start":{"line":32,"column":8},"end":{"line":38,"column":14}},{"start":{"line":39,"column":8},"end":{"line":45,"column":14}},{"start":{"line":46,"column":8},"end":{"line":47,"column":25}}],"line":10},"2":{"loc":{"start":{"line":26,"column":53},"end":{"line":27,"column":49}},"type":"cond-expr","locations":[{"start":{"line":27,"column":17},"end":{"line":27,"column":44}},{"start":{"line":27,"column":45},"end":{"line":27,"column":49}}],"line":26}},"s":{"0":0,"1":0,"2":0,"3":0,"4":0,"5":0,"6":0,"7":0,"8":0,"9":0,"10":0,"11":0,"12":0,"13":0,"14":0,"15":0},"f":{"0":0,"1":0,"2":0,"3":0,"4":0,"5":0},"b":{"0":[0],"1":[0,0,0,0,0,0],"2":[0,0]}}
,"C:\\Users\\soma.sadhu\\Desktop\\ToDoAppDemo2\\src\\redux\\store\\configureStore.js": {"path":"C:\\Users\\soma.sadhu\\Desktop\\ToDoAppDemo2\\src\\redux\\store\\configureStore.js","statementMap":{"0":{"start":{"line":5,"column":14},"end":{"line":5,"column":38}}},"fnMap":{},"branchMap":{},"s":{"0":0},"f":{},"b":{}}
}
