TN:
SF:src\App.js
FN:8,(anonymous_0)
FNF:1
FNH:0
FNDA:0,(anonymous_0)
DA:8,0
DA:10,0
LF:2
LH:0
BRF:0
BRH:0
end_of_record
TN:
SF:src\components\controls\TaskReminders.js
FN:6,(anonymous_0)
FN:8,(anonymous_1)
FN:10,(anonymous_2)
FN:11,(anonymous_3)
FN:22,(anonymous_4)
FN:23,(anonymous_5)
FN:28,(anonymous_6)
FNF:7
FNH:0
FNDA:0,(anonymous_0)
FNDA:0,(anonymous_1)
FNDA:0,(anonymous_2)
FNDA:0,(anonymous_3)
FNDA:0,(anonymous_4)
FNDA:0,(anonymous_5)
FNDA:0,(anonymous_6)
DA:6,0
DA:8,0
DA:10,0
DA:11,0
DA:12,0
DA:13,0
DA:14,0
DA:15,0
DA:16,0
DA:17,0
DA:22,0
DA:23,0
DA:24,0
DA:25,0
DA:28,0
DA:31,0
LF:16
LH:0
BRDA:16,0,0,0
BRDA:16,0,1,0
BRDA:16,1,0,0
BRDA:16,1,1,0
BRDA:24,2,0,0
BRDA:24,2,1,0
BRF:6
BRH:0
end_of_record
TN:
SF:src\components\controls\addTaskModal.js
FN:7,(anonymous_0)
FN:17,(anonymous_1)
FN:21,(anonymous_2)
FN:37,(anonymous_3)
FN:72,(anonymous_4)
FN:92,(anonymous_5)
FN:103,(anonymous_6)
FNF:7
FNH:1
FNDA:1,(anonymous_0)
FNDA:0,(anonymous_1)
FNDA:0,(anonymous_2)
FNDA:0,(anonymous_3)
FNDA:0,(anonymous_4)
FNDA:0,(anonymous_5)
FNDA:0,(anonymous_6)
DA:7,1
DA:9,1
DA:11,1
DA:12,1
DA:13,1
DA:15,1
DA:17,1
DA:18,0
DA:21,1
DA:22,0
DA:24,0
DA:34,0
DA:37,1
DA:38,0
DA:39,0
DA:40,0
DA:42,0
DA:43,0
DA:44,0
DA:47,0
DA:50,0
DA:57,0
DA:58,0
DA:59,0
DA:60,0
DA:61,0
DA:63,0
DA:64,0
DA:65,0
DA:66,0
DA:68,0
DA:72,1
DA:73,0
DA:74,0
DA:75,0
DA:76,0
DA:79,1
DA:92,0
DA:103,0
DA:123,1
LF:40
LH:12
BRDA:27,0,0,0
BRDA:27,0,1,0
BRDA:38,1,0,0
BRDA:38,1,1,0
BRDA:38,2,0,0
BRDA:38,2,1,0
BRDA:42,3,0,0
BRDA:42,3,1,0
BRDA:63,4,0,0
BRDA:63,4,1,0
BRDA:63,5,0,0
BRDA:63,5,1,0
BRDA:65,6,0,0
BRDA:65,6,1,0
BRDA:65,7,0,0
BRDA:65,7,1,0
BRDA:107,8,0,1
BRDA:107,8,1,0
BRF:18
BRH:1
end_of_record
TN:
SF:src\components\controls\card.js
FN:10,(anonymous_0)
FN:15,(anonymous_1)
FN:16,(anonymous_2)
FN:20,(anonymous_3)
FN:24,(anonymous_4)
FN:28,(anonymous_5)
FN:47,(anonymous_6)
FN:63,(anonymous_7)
FN:70,(anonymous_8)
FNF:9
FNH:1
FNDA:40,(anonymous_0)
FNDA:0,(anonymous_1)
FNDA:0,(anonymous_2)
FNDA:0,(anonymous_3)
FNDA:0,(anonymous_4)
FNDA:0,(anonymous_5)
FNDA:0,(anonymous_6)
FNDA:0,(anonymous_7)
FNDA:0,(anonymous_8)
DA:10,5
DA:11,40
DA:12,33
DA:13,33
DA:15,33
DA:16,33
DA:18,33
DA:20,21
DA:21,0
DA:24,21
DA:25,0
DA:28,21
DA:29,0
DA:30,0
DA:33,21
DA:47,0
DA:63,0
DA:70,0
LF:18
LH:11
BRDA:44,0,0,7
BRDA:44,0,1,14
BRDA:58,1,0,7
BRDA:58,1,1,14
BRF:4
BRH:4
end_of_record
TN:
SF:src\components\controls\editTaskModal.js
FN:8,(anonymous_0)
FN:12,(anonymous_1)
FN:13,(anonymous_2)
FN:19,(anonymous_3)
FN:21,(anonymous_4)
FN:30,(anonymous_5)
FN:46,convertBackDateFormat
FN:60,(anonymous_7)
FN:82,(anonymous_8)
FN:89,(anonymous_9)
FN:110,(anonymous_10)
FN:123,(anonymous_11)
FNF:12
FNH:5
FNDA:7,(anonymous_0)
FNDA:13,(anonymous_1)
FNDA:13,(anonymous_2)
FNDA:6,(anonymous_3)
FNDA:12,(anonymous_4)
FNDA:0,(anonymous_5)
FNDA:0,convertBackDateFormat
FNDA:0,(anonymous_7)
FNDA:0,(anonymous_8)
FNDA:0,(anonymous_9)
FNDA:0,(anonymous_10)
FNDA:0,(anonymous_11)
DA:8,6
DA:10,7
DA:11,7
DA:12,13
DA:13,13
DA:15,7
DA:16,7
DA:17,7
DA:19,7
DA:21,12
DA:24,6
DA:25,0
DA:26,0
DA:30,7
DA:31,0
DA:33,0
DA:43,0
DA:47,0
DA:49,0
DA:52,0
DA:55,0
DA:57,0
DA:60,7
DA:61,0
DA:62,0
DA:64,0
DA:65,0
DA:68,0
DA:75,0
DA:76,0
DA:77,0
DA:78,0
DA:82,7
DA:83,0
DA:84,0
DA:89,7
DA:90,0
DA:91,0
DA:92,0
DA:95,7
DA:110,0
DA:123,0
DA:142,6
LF:43
LH:17
BRDA:24,0,0,0
BRDA:24,0,1,6
BRDA:36,1,0,0
BRDA:36,1,1,0
BRDA:61,2,0,0
BRDA:61,2,1,0
BRDA:83,3,0,0
BRDA:83,3,1,0
BRDA:97,4,0,7
BRDA:97,4,1,7
BRDA:127,5,0,7
BRDA:127,5,1,0
BRF:12
BRH:4
end_of_record
TN:
SF:src\components\controls\floatingAddButton.js
FN:6,(anonymous_0)
FN:9,(anonymous_1)
FN:10,(anonymous_2)
FNF:3
FNH:0
FNDA:0,(anonymous_0)
FNDA:0,(anonymous_1)
FNDA:0,(anonymous_2)
DA:6,0
DA:8,0
DA:9,0
DA:10,0
DA:12,0
LF:5
LH:0
BRF:0
BRH:0
end_of_record
TN:
SF:src\components\controls\tab.js
FN:5,(anonymous_0)
FN:7,(anonymous_1)
FNF:2
FNH:0
FNDA:0,(anonymous_0)
FNDA:0,(anonymous_1)
DA:5,1
DA:6,0
DA:7,0
DA:9,0
LF:4
LH:1
BRF:0
BRH:0
end_of_record
TN:
SF:src\components\layout\routing.js
FN:8,(anonymous_0)
FNF:1
FNH:1
FNDA:5,(anonymous_0)
DA:8,1
DA:9,5
LF:2
LH:2
BRF:0
BRH:0
end_of_record
TN:
SF:src\components\pages\complete.js
FN:6,(anonymous_0)
FN:8,(anonymous_1)
FN:13,(anonymous_2)
FN:26,(anonymous_3)
FN:35,(anonymous_4)
FNF:5
FNH:5
FNDA:6,(anonymous_0)
FNDA:8,(anonymous_1)
FNDA:4,(anonymous_2)
FNDA:2,(anonymous_3)
FNDA:7,(anonymous_4)
DA:6,2
DA:8,8
DA:9,5
DA:11,5
DA:13,4
DA:20,5
DA:26,2
DA:36,7
LF:8
LH:8
BRDA:11,0,0,2
BRDA:11,0,1,3
BRDA:34,1,0,4
BRDA:34,1,1,1
BRF:4
BRH:4
end_of_record
TN:
SF:src\components\pages\home.js
FN:8,(anonymous_0)
FN:10,(anonymous_1)
FN:15,(anonymous_2)
FN:32,(anonymous_3)
FN:41,(anonymous_4)
FNF:5
FNH:5
FNDA:6,(anonymous_0)
FNDA:8,(anonymous_1)
FNDA:4,(anonymous_2)
FNDA:2,(anonymous_3)
FNDA:7,(anonymous_4)
DA:8,2
DA:9,6
DA:10,8
DA:11,5
DA:13,5
DA:15,4
DA:19,5
DA:32,2
DA:42,7
LF:9
LH:9
BRDA:13,0,0,2
BRDA:13,0,1,3
BRDA:40,1,0,4
BRDA:40,1,1,1
BRF:4
BRH:4
end_of_record
TN:
SF:src\components\pages\trash.js
FN:6,(anonymous_0)
FN:8,(anonymous_1)
FN:13,(anonymous_2)
FN:23,(anonymous_3)
FN:30,(anonymous_4)
FNF:5
FNH:5
FNDA:6,(anonymous_0)
FNDA:8,(anonymous_1)
FNDA:4,(anonymous_2)
FNDA:2,(anonymous_3)
FNDA:7,(anonymous_4)
DA:6,2
DA:8,8
DA:9,5
DA:11,5
DA:13,4
DA:17,5
DA:23,2
DA:31,7
LF:8
LH:8
BRDA:11,0,0,2
BRDA:11,0,1,3
BRDA:29,1,0,4
BRDA:29,1,1,1
BRF:4
BRH:4
end_of_record
TN:
SF:src\redux\actions\taskActions.js
FN:1,(anonymous_0)
FN:6,(anonymous_1)
FN:11,(anonymous_2)
FN:16,(anonymous_3)
FN:21,(anonymous_4)
FNF:5
FNH:0
FNDA:0,(anonymous_0)
FNDA:0,(anonymous_1)
FNDA:0,(anonymous_2)
FNDA:0,(anonymous_3)
FNDA:0,(anonymous_4)
DA:1,7
DA:6,7
DA:11,7
DA:16,7
DA:21,7
LF:5
LH:5
BRF:0
BRH:0
end_of_record
TN:
SF:src\redux\reducers\taskReducer.js
FN:8,(anonymous_0)
FN:26,(anonymous_1)
FN:33,(anonymous_2)
FN:36,(anonymous_3)
FN:40,(anonymous_4)
FN:43,(anonymous_5)
FNF:6
FNH:0
FNDA:0,(anonymous_0)
FNDA:0,(anonymous_1)
FNDA:0,(anonymous_2)
FNDA:0,(anonymous_3)
FNDA:0,(anonymous_4)
FNDA:0,(anonymous_5)
DA:1,0
DA:8,0
DA:10,0
DA:12,0
DA:18,0
DA:24,0
DA:26,0
DA:33,0
DA:34,0
DA:36,0
DA:40,0
DA:41,0
DA:43,0
DA:47,0
LF:14
LH:0
BRDA:8,0,0,0
BRDA:10,1,0,0
BRDA:10,1,1,0
BRDA:10,1,2,0
BRDA:10,1,3,0
BRDA:10,1,4,0
BRDA:10,1,5,0
BRDA:26,2,0,0
BRDA:26,2,1,0
BRF:9
BRH:0
end_of_record
TN:
SF:src\redux\store\configureStore.js
FNF:0
FNH:0
DA:5,0
LF:1
LH:0
BRF:0
BRH:0
end_of_record
